info it worked if it ends with ok
verbose cli [ 'node', '/usr/local/bin/npm', 'install', '.', '-g' ]
info using npm@1.1.0-2
info using node@v0.6.8
verbose config file /Users/InspiredJW/.npmrc
verbose config file /usr/local/etc/npmrc
verbose config file /usr/local/lib/node_modules/npm/npmrc
verbose cache add [ '.', null ]
silly cache add: name, spec, args [ undefined, '.', [ '.', null ] ]
verbose parsed url { pathname: '.', path: '.', href: '.' }
ERR! Could not install: .
ERR! Failed to parse json
ERR! Unexpected string
ERR! File: package.json
ERR! JSON.parse Failed to parse package.json data.
ERR! JSON.parse package.json must be actual JSON, not just JavaScript.
ERR! JSON.parse This is not a bug in npm.
ERR! JSON.parse Tell the package author to fix their package.json file.
ERR! 
ERR! System Darwin 11.2.0
ERR! command "node" "/usr/local/bin/npm" "install" "." "-g"
ERR! cwd /Users/InspiredJW/Documents/Aptana Studio 3 Workspace/forAsync
ERR! node -v v0.6.8
ERR! npm -v 1.1.0-2
ERR! file package.json
ERR! code EJSONPARSE
ERR! message Failed to parse json
ERR! message Unexpected string
ERR! errno {}
verbose exit [ 1, true ]
